\BOOKMARK [0][-]{figure.caption.1}{\376\377\000R\000e\000s\000u\000m\000e\000n}{}% 1
\BOOKMARK [0][-]{chapter.4}{\376\377\000I\000n\000t\000r\000o\000d\000u\000c\000c\000i\000\363\000n}{}% 2
\BOOKMARK [1][-]{section.5}{\376\377\000M\000o\000t\000i\000v\000a\000c\000i\000\363\000n}{chapter.4}% 3
\BOOKMARK [1][-]{section.6}{\376\377\000O\000b\000j\000e\000t\000i\000v\000o\000s}{chapter.4}% 4
\BOOKMARK [1][-]{section.7}{\376\377\000E\000s\000t\000r\000u\000c\000t\000u\000r\000a\000\040\000d\000e\000l\000\040\000S\000e\000m\000i\000n\000a\000r\000i\000o}{chapter.4}% 5
\BOOKMARK [0][-]{chapter.8}{\376\377\000E\000s\000t\000a\000d\000o\000\040\000d\000e\000l\000\040\000A\000r\000t\000e}{}% 6
\BOOKMARK [1][-]{section.9}{\376\377\000G\000P\000U\000\040\000c\000o\000m\000p\000u\000t\000i\000n\000g}{chapter.8}% 7
\BOOKMARK [2][-]{subsection.10}{\376\377\000T\000h\000e\000\040\000G\000P\000U\000\040\000c\000o\000m\000p\000u\000t\000i\000n\000g\000\040\000E\000r\000a}{section.9}% 8
\BOOKMARK [1][-]{section.11}{\376\377\000A\000p\000r\000e\000n\000d\000i\000z\000a\000j\000e\000\040\000A\000u\000t\000o\000m\000\341\000t\000i\000c\000o}{chapter.8}% 9
\BOOKMARK [2][-]{subsection.12}{\376\377\000U\000s\000o\000\040\000d\000e\000\040\000r\000e\000d\000e\000s\000\040\000n\000e\000u\000r\000o\000n\000a\000l\000e\000s\000\040\000p\000a\000r\000a\000\040\000e\000n\000c\000o\000n\000t\000r\000a\000r\000\040\000e\000l\000\040\000r\000e\000n\000d\000i\000m\000i\000e\000n\000t\000o\000\040\000d\000e\000\040\000u\000n\000a\000\040\000G\000P\000U}{section.11}% 10
\BOOKMARK [2][-]{subsection.13}{\376\377\000H\000a\000n\000d\000s\000h\000a\000p\000e\000\040\000r\000e\000c\000o\000g\000n\000i\000t\000i\000o\000n\000\040\000f\000o\000r\000\040\000A\000r\000g\000e\000n\000t\000i\000n\000i\000a\000n\000\040\000S\000i\000g\000n\000\040\000L\000a\000n\000g\000u\000a\000g\000e\000\040\000u\000s\000i\000n\000g\000\040\000P\000r\000o\000b\000S\000o\000m}{section.11}% 11
\BOOKMARK [1][-]{section.14}{\376\377\000A\000p\000r\000e\000n\000d\000i\000z\000a\000j\000e\000\040\000P\000r\000o\000f\000u\000n\000d\000o}{chapter.8}% 12
\BOOKMARK [2][-]{subsection.15}{\376\377\000D\000e\000e\000p\000\040\000M\000a\000c\000h\000i\000n\000e\000\040\000L\000e\000a\000r\000n\000i\000n\000g\000\040\000-\000\040\000A\000\040\000N\000e\000w\000\040\000F\000r\000o\000n\000t\000i\000e\000r\000\040\000i\000n\000\040\000A\000r\000t\000i\000f\000i\000c\000i\000a\000l\000\040\000I\000n\000t\000e\000l\000l\000i\000g\000e\000n\000c\000e}{section.14}% 13
\BOOKMARK [1][-]{section.16}{\376\377\000M\000\351\000t\000o\000d\000o\000s\000\040\000d\000e\000\040\000o\000p\000t\000i\000m\000i\000z\000a\000c\000i\000\363\000n}{chapter.8}% 14
\BOOKMARK [2][-]{subsection.17}{\376\377\000N\000e\000u\000r\000a\000l\000\040\000N\000e\000t\000w\000o\000r\000k\000\040\000O\000p\000t\000i\000m\000i\000z\000a\000t\000i\000o\000n\000\040\000A\000l\000g\000o\000r\000i\000t\000h\000m\000s\000:\000\040\000A\000\040\000c\000o\000m\000p\000a\000r\000i\000s\000o\000n\000\040\000s\000t\000u\000d\000y\000\040\000b\000a\000s\000e\000d\000\040\000o\000n\000\040\000T\000e\000n\000s\000o\000r\000F\000l\000o\000w}{section.16}% 15
\BOOKMARK [2][-]{subsection.18}{\376\377\000O\000n\000\040\000O\000p\000t\000i\000m\000i\000z\000a\000t\000i\000o\000n\000\040\000M\000e\000t\000h\000o\000d\000s\000\040\000f\000o\000r\000\040\000D\000e\000e\000p\000\040\000L\000e\000a\000r\000n\000i\000n\000g}{section.16}% 16
\BOOKMARK [2][-]{subsection.19}{\376\377\000A\000d\000a\000m\000\040\000:\000\040\000A\000\040\000m\000e\000t\000h\000o\000d\000\040\000f\000o\000r\000\040\000s\000t\000o\000c\000h\000a\000s\000t\000i\000c\000\040\000o\000p\000t\000i\000m\000i\000z\000a\000t\000i\000o\000n}{section.16}% 17
\BOOKMARK [2][-]{subsection.20}{\376\377\000I\000n\000c\000o\000r\000p\000o\000r\000a\000t\000i\000n\000g\000\040\000N\000e\000s\000t\000e\000r\000o\000v\000\040\000M\000o\000m\000e\000n\000t\000u\000m\000\040\000i\000n\000t\000o\000\040\000A\000d\000a\000m}{section.16}% 18
\BOOKMARK [1][-]{section.21}{\376\377\000R\000e\000c\000o\000n\000o\000c\000i\000m\000i\000e\000n\000t\000o\000\040\000d\000e\000\040\000V\000o\000z}{chapter.8}% 19
\BOOKMARK [2][-]{subsection.22}{\376\377\000R\000e\000v\000i\000e\000w\000\040\000o\000f\000\040\000A\000l\000g\000o\000r\000i\000t\000h\000m\000s\000\040\000a\000n\000d\000\040\000A\000p\000p\000l\000i\000c\000a\000t\000i\000o\000n\000s\000\040\000i\000n\000\040\000S\000p\000e\000e\000c\000h\000\040\000R\000e\000c\000o\000g\000n\000i\000t\000i\000o\000n\000\040\000S\000y\000s\000t\000e\000m}{section.21}% 20
\BOOKMARK [1][-]{section.23}{\376\377\000C\000o\000n\000c\000l\000u\000s\000i\000o\000n\000e\000s}{chapter.8}% 21
\BOOKMARK [0][-]{chapter.24}{\376\377\000A\000p\000r\000e\000n\000d\000i\000z\000a\000j\000e\000\040\000a\000u\000t\000o\000m\000\341\000t\000i\000c\000o\000\040\000y\000\040\000R\000e\000d\000e\000s\000\040\000N\000e\000u\000r\000o\000n\000a\000l\000e\000s}{}% 22
\BOOKMARK [1][-]{section.25}{\376\377\000A\000p\000r\000e\000n\000d\000i\000z\000a\000j\000e\000\040\000A\000u\000t\000o\000m\000\341\000t\000i\000c\000o}{chapter.24}% 23
\BOOKMARK [2][-]{subsection.26}{\376\377\000A\000p\000r\000e\000n\000d\000i\000z\000a\000j\000e\000\040\000S\000u\000p\000e\000r\000v\000i\000z\000a\000d\000o}{section.25}% 24
\BOOKMARK [2][-]{subsection.50}{\376\377\000A\000p\000r\000e\000n\000d\000i\000z\000a\000j\000e\000\040\000N\000o\000\040\000S\000u\000p\000e\000r\000v\000i\000s\000a\000d\000o}{section.25}% 25
\BOOKMARK [2][-]{subsection.56}{\376\377\000A\000p\000r\000e\000n\000d\000i\000z\000a\000j\000e\000\040\000p\000o\000r\000\040\000r\000e\000f\000u\000e\000r\000z\000o}{section.25}% 26
\BOOKMARK [1][-]{section.58}{\376\377\000R\000e\000d\000e\000s\000\040\000N\000e\000u\000r\000o\000n\000a\000l\000e\000s}{chapter.24}% 27
\BOOKMARK [2][-]{subsection.59}{\376\377\000N\000e\000u\000r\000o\000n\000a\000s}{section.58}% 28
\BOOKMARK [3][-]{section*.61}{\376\377\000F\000u\000n\000c\000i\000o\000n\000e\000s\000\040\000d\000e\000\040\000A\000c\000t\000i\000v\000a\000c\000i\000\363\000n}{subsection.59}% 29
\BOOKMARK [2][-]{subsection.63}{\376\377\000R\000e\000d\000e\000s\000\040\000N\000e\000u\000r\000o\000n\000a\000l\000e\000s\000\040\000A\000r\000t\000i\000f\000i\000c\000i\000a\000l\000e\000s}{section.58}% 30
\BOOKMARK [3][-]{section*.65}{\376\377\000R\000e\000d\000e\000s\000\040\000N\000e\000u\000r\000o\000n\000a\000l\000e\000s\000\040\000P\000r\000e\000a\000l\000i\000m\000e\000n\000t\000a\000d\000a\000s}{subsection.63}% 31
\BOOKMARK [3][-]{section*.67}{\376\377\000A\000l\000g\000o\000r\000i\000t\000m\000o\000\040\000d\000e\000\040\000p\000r\000o\000p\000a\000g\000a\000c\000i\000\363\000n\000\040\000h\000a\000c\000i\000a\000\040\000a\000t\000r\000\341\000s}{subsection.63}% 32
\BOOKMARK [3][-]{section*.72}{\376\377\000C\000o\000n\000j\000u\000n\000t\000o\000\040\000d\000e\000\040\000d\000a\000t\000o\000s\000\040\000p\000a\000r\000a\000\040\000u\000n\000a\000\040\000r\000e\000d\000\040\000n\000e\000u\000r\000o\000n\000a\000l}{subsection.63}% 33
\BOOKMARK [0][-]{chapter.74}{\376\377\000O\000p\000t\000i\000m\000i\000z\000a\000d\000o\000r\000e\000s\000\040\000p\000a\000r\000a\000\040\000l\000a\000\040\000g\000r\000a\000d\000i\000e\000n\000t\000e\000\040\000d\000e\000\040\000d\000e\000s\000c\000e\000n\000s\000o\000\040\000e\000n\000\040\000u\000n\000a\000\040\000R\000e\000d\000\040\000N\000e\000u\000r\000o\000n\000a\000l\000\040\000C\000o\000n\000v\000o\000l\000u\000c\000i\000o\000n\000a\000l}{}% 34
\BOOKMARK [1][-]{section.75}{\376\377\000R\000e\000d\000e\000s\000\040\000N\000e\000u\000r\000o\000n\000a\000l\000e\000s\000\040\000C\000o\000n\000v\000o\000l\000u\000c\000i\000o\000n\000a\000l\000e\000s}{chapter.74}% 35
\BOOKMARK [2][-]{subsection.76}{\376\377\000E\000s\000t\000r\000u\000c\000t\000u\000r\000a\000\040\000d\000e\000\040\000u\000n\000a\000\040\000i\000m\000a\000g\000e\000n}{section.75}% 36
\BOOKMARK [2][-]{subsection.78}{\376\377\000C\000a\000p\000a\000s\000\040\000d\000e\000\040\000u\000n\000a\000\040\000C\000N\000N}{section.75}% 37
\BOOKMARK [3][-]{section*.79}{\376\377\000I\000n\000p\000u\000t\000\040\000l\000a\000y\000e\000r}{subsection.78}% 38
\BOOKMARK [3][-]{section*.80}{\376\377\000C\000o\000n\000v\000o\000l\000u\000t\000i\000o\000n\000a\000l\000\040\000l\000a\000y\000e\000r\000s}{subsection.78}% 39
\BOOKMARK [3][-]{section*.82}{\376\377\000P\000o\000o\000l\000i\000n\000g\000\040\000l\000a\000y\000e\000r\000s}{subsection.78}% 40
\BOOKMARK [3][-]{section*.83}{\376\377\000F\000u\000l\000l\000y\000\040\000C\000o\000n\000n\000e\000c\000t\000e\000d\000\040\000L\000a\000y\000e\000r\000s}{subsection.78}% 41
\BOOKMARK [2][-]{subsection.84}{\376\377\000A\000r\000q\000u\000i\000t\000e\000c\000t\000u\000r\000a\000s\000\040\000c\000o\000n\000o\000c\000i\000d\000a\000s}{section.75}% 42
\BOOKMARK [1][-]{section.85}{\376\377\000M\000\351\000t\000o\000d\000o\000s\000\040\000d\000e\000\040\000O\000p\000t\000i\000m\000i\000z\000a\000c\000i\000\363\000n}{chapter.74}% 43
\BOOKMARK [2][-]{subsection.86}{\376\377\000G\000r\000a\000d\000i\000e\000n\000t\000e\000\040\000d\000e\000\040\000d\000e\000s\000c\000e\000n\000s\000o}{section.85}% 44
\BOOKMARK [3][-]{section*.88}{\376\377\000B\000a\000t\000c\000h\000\040\000g\000r\000a\000d\000i\000e\000n\000t\000\040\000d\000e\000s\000c\000e\000n\000t}{subsection.86}% 45
\BOOKMARK [3][-]{section*.90}{\376\377\000S\000t\000o\000c\000h\000a\000s\000t\000i\000c\000\040\000g\000r\000a\000d\000i\000e\000n\000t\000\040\000d\000e\000s\000c\000e\000n\000t}{subsection.86}% 46
\BOOKMARK [3][-]{section*.93}{\376\377\000M\000i\000n\000i\000-\000b\000a\000t\000c\000h\000\040\000g\000r\000a\000d\000i\000e\000n\000t\000\040\000d\000e\000s\000c\000e\000n\000t}{subsection.86}% 47
\BOOKMARK [2][-]{subsection.95}{\376\377\000O\000p\000t\000i\000m\000i\000z\000a\000d\000o\000r\000e\000s}{section.85}% 48
\BOOKMARK [3][-]{section*.96}{\376\377\000M\000o\000m\000e\000n\000t\000u\000m}{subsection.95}% 49
\BOOKMARK [3][-]{section*.100}{\376\377\000N\000e\000s\000t\000e\000r\000o\000v\000\040\000a\000c\000c\000e\000l\000e\000r\000a\000t\000e\000d\000\040\000g\000r\000a\000d\000i\000e\000n\000t\000\040\000\050\000N\000A\000G\000\051}{subsection.95}% 50
\BOOKMARK [3][-]{section*.103}{\376\377\000A\000d\000a\000g\000r\000a\000d}{subsection.95}% 51
\BOOKMARK [3][-]{section*.107}{\376\377\000R\000M\000S\000p\000r\000o\000p}{subsection.95}% 52
\BOOKMARK [3][-]{section*.109}{\376\377\000A\000d\000a\000m\000\040}{subsection.95}% 53
\BOOKMARK [0][-]{chapter.113}{\376\377\000R\000e\000s\000u\000l\000t\000a\000d\000o\000s}{}% 54
\BOOKMARK [1][-]{section.114}{\376\377\000P\000r\000e\000c\000i\000s\000i\000\363\000n}{chapter.113}% 55
\BOOKMARK [2][-]{subsection.115}{\376\377\000P\000r\000e\000c\000i\000s\000i\000\363\000n\000\040\000e\000n\000\040\000d\000a\000t\000a\000s\000e\000t\000\040\000C\000I\000F\000A\000R\000-\0001\0000}{section.114}% 56
\BOOKMARK [2][-]{subsection.118}{\376\377\000P\000r\000e\000c\000i\000s\000i\000\363\000n\000\040\000e\000n\000\040\000d\000a\000t\000a\000s\000e\000t\000\040\000C\000I\000F\000A\000R\000-\0001\0000\0000}{section.114}% 57
\BOOKMARK [1][-]{section.120}{\376\377\000F\000u\000n\000c\000i\000\363\000n\000\040\000d\000e\000\040\000c\000o\000s\000t\000o}{chapter.113}% 58
\BOOKMARK [1][-]{section.121}{\376\377\000F\000u\000n\000c\000i\000\363\000n\000\040\000d\000e\000\040\000c\000o\000s\000t\000o\000\040\000e\000n\000\040\000C\000I\000F\000A\000R\000-\0001\0000}{chapter.113}% 59
\BOOKMARK [1][-]{section.124}{\376\377\000F\000u\000n\000c\000i\000\363\000n\000\040\000d\000e\000\040\000c\000o\000s\000t\000o\000\040\000e\000n\000\040\000C\000I\000F\000A\000R\000-\0001\0000\0000\000\040}{chapter.113}% 60
\BOOKMARK [0][-]{chapter.126}{\376\377\000C\000o\000n\000c\000l\000u\000s\000i\000o\000n\000e\000s\000\040\000y\000\040\000T\000r\000a\000b\000a\000j\000o\000\040\000F\000u\000t\000u\000r\000o}{}% 61
\BOOKMARK [1][-]{section.127}{\376\377\000C\000o\000n\000c\000l\000u\000s\000i\000o\000n\000e\000s}{chapter.126}% 62
\BOOKMARK [1][-]{section.128}{\376\377\000T\000r\000a\000b\000a\000j\000o\000\040\000F\000u\000t\000u\000r\000o}{chapter.126}% 63
\BOOKMARK [0][-]{appendix.130}{\376\377\000A\000r\000q\000u\000i\000t\000e\000c\000t\000u\000r\000a\000\040\000d\000e\000\040\000l\000a\000\040\000r\000e\000d\000\040\000y\000\040\000R\000e\000s\000u\000l\000t\000a\000d\000o\000s\000\040\000o\000b\000t\000e\000n\000i\000d\000o\000s}{}% 64
\BOOKMARK [1][-]{section.131}{\376\377\000C\000a\000p\000a\000s\000\040\000d\000e\000\040\000l\000a\000\040\000r\000e\000d\000\040\000n\000e\000u\000r\000o\000n\000a\000l\000\040\000c\000o\000n\000v\000o\000l\000u\000c\000i\000o\000n\000a\000l}{appendix.130}% 65
\BOOKMARK [1][-]{section.133}{\376\377\000R\000e\000s\000u\000l\000t\000a\000d\000o\000s\000\040\000d\000e\000\040\000p\000r\000e\000c\000i\000s\000i\000\363\000n\000\040\000d\000e\000\040\000e\000n\000t\000r\000e\000n\000a\000m\000i\000e\000n\000t\000o}{appendix.130}% 66
\BOOKMARK [2][-]{subsection.134}{\376\377\000C\000I\000F\000A\000R\000-\0001\0000}{section.133}% 67
\BOOKMARK [2][-]{subsection.151}{\376\377\000C\000I\000F\000A\000R\000-\0001\0000\0000}{section.133}% 68
\BOOKMARK [1][-]{section.160}{\376\377\000R\000e\000s\000u\000l\000t\000a\000d\000o\000s\000\040\000d\000e\000l\000\040\000e\000r\000r\000o\000r\000\040\000e\000n\000\040\000e\000l\000\040\000e\000n\000t\000r\000e\000n\000a\000m\000i\000e\000n\000t\000o}{appendix.130}% 69
\BOOKMARK [2][-]{subsection.161}{\376\377\000C\000I\000F\000A\000R\000-\0001\0000}{section.160}% 70
\BOOKMARK [2][-]{subsection.178}{\376\377\000C\000I\000F\000A\000R\000-\0001\0000\0000}{section.160}% 71
